Arguments: 
  /Users/jiangsheng/.nvm/versions/node/v16.0.0/bin/node /Users/jiangsheng/.nvm/versions/node/v16.0.0/bin/yarn add bebel-loader

PATH: 
  /Users/jiangsheng/.nvm/versions/node/v16.0.0/bin:/Users/apple/anaconda/bin:/Users/jiangsheng/.nvm/versions/node/v16.0.0/bin:/usr/local/bin:/usr/bin:/bin:/usr/sbin:/sbin:/Users/apple/anaconda/bin:/Users/jiangsheng/.nvm/versions/node/v16.0.0/bin

Yarn version: 
  1.22.11

Node version: 
  16.0.0

Platform: 
  darwin x64

Trace: 
  Error: https://registry.npm.taobao.org/bebel-loader: Not found
      at Request.params.callback [as _callback] (/Users/jiangsheng/.nvm/versions/node/v16.0.0/lib/node_modules/yarn/lib/cli.js:66992:18)
      at Request.self.callback (/Users/jiangsheng/.nvm/versions/node/v16.0.0/lib/node_modules/yarn/lib/cli.js:140763:22)
      at Request.emit (node:events:365:28)
      at Request.<anonymous> (/Users/jiangsheng/.nvm/versions/node/v16.0.0/lib/node_modules/yarn/lib/cli.js:141735:10)
      at Request.emit (node:events:365:28)
      at IncomingMessage.<anonymous> (/Users/jiangsheng/.nvm/versions/node/v16.0.0/lib/node_modules/yarn/lib/cli.js:141657:12)
      at Object.onceWrapper (node:events:471:28)
      at IncomingMessage.emit (node:events:377:35)
      at endReadableNT (node:internal/streams/readable:1312:12)
      at processTicksAndRejections (node:internal/process/task_queues:83:21)

npm manifest: 
  {
    "name": "vue2-template",
    "version": "1.0.0",
    "description": "",
    "main": "index.js",
    "scripts": {
      "test": "echo \"Error: no test specified\" && exit 1",
      "build": "webpack --config webpack.config.js"
    },
    "author": "jiang.sheng",
    "license": "ISC",
    "devDependencies": {
      "css-loader": "^6.3.0",
      "file-loader": "^6.2.0",
      "style-loader": "^3.3.0",
      "url-loader": "^4.1.1",
      "vue": "^2.6.14",
      "vue-loader": "^15.9.8",
      "vue-template-compiler": "^2.6.14",
      "webpack": "^5.53.0",
      "webpack-cli": "^4.8.0"
    }
  }

yarn manifest: 
  No manifest

Lockfile: 
  # THIS IS AN AUTOGENERATED FILE. DO NOT EDIT THIS FILE DIRECTLY.
  # yarn lockfile v1
  
  
  "@discoveryjs/json-ext@^0.5.0":
    version "0.5.5"
    resolved "https://registry.nlark.com/@discoveryjs/json-ext/download/@discoveryjs/json-ext-0.5.5.tgz#9283c9ce5b289a3c4f61c12757469e59377f81f3"
    integrity sha1-koPJzlsomjxPYcEnV0aeWTd/gfM=
  
  "@types/eslint-scope@^3.7.0":
    version "3.7.1"
    resolved "https://registry.nlark.com/@types/eslint-scope/download/@types/eslint-scope-3.7.1.tgz#8dc390a7b4f9dd9f1284629efce982e41612116e"
    integrity sha1-jcOQp7T53Z8ShGKe/OmC5BYSEW4=
    dependencies:
      "@types/eslint" "*"
      "@types/estree" "*"
  
  "@types/eslint@*":
    version "7.28.0"
    resolved "https://registry.nlark.com/@types/eslint/download/@types/eslint-7.28.0.tgz?cache=0&sync_timestamp=1629707594595&other_urls=https%3A%2F%2Fregistry.nlark.com%2F%40types%2Feslint%2Fdownload%2F%40types%2Feslint-7.28.0.tgz#7e41f2481d301c68e14f483fe10b017753ce8d5a"
    integrity sha1-fkHySB0wHGjhT0g/4QsBd1POjVo=
    dependencies:
      "@types/estree" "*"
      "@types/json-schema" "*"
  
  "@types/estree@*", "@types/estree@^0.0.50":
    version "0.0.50"
    resolved "https://registry.nlark.com/@types/estree/download/@types/estree-0.0.50.tgz#1e0caa9364d3fccd2931c3ed96fdbeaa5d4cca83"
    integrity sha1-Hgyqk2TT/M0pMcPtlv2+ql1MyoM=
  
  "@types/json-schema@*", "@types/json-schema@^7.0.8":
    version "7.0.9"
    resolved "https://registry.nlark.com/@types/json-schema/download/@types/json-schema-7.0.9.tgz#97edc9037ea0c38585320b28964dde3b39e4660d"
    integrity sha1-l+3JA36gw4WFMgsolk3eOznkZg0=
  
  "@types/node@*":
    version "16.9.6"
    resolved "https://registry.nlark.com/@types/node/download/@types/node-16.9.6.tgz#040a64d7faf9e5d9e940357125f0963012e66f04"
    integrity sha1-BApk1/r55dnpQDVxJfCWMBLmbwQ=
  
  "@vue/component-compiler-utils@^3.1.0":
    version "3.2.2"
    resolved "https://registry.nlark.com/@vue/component-compiler-utils/download/@vue/component-compiler-utils-3.2.2.tgz#2f7ed5feed82ff7f0284acc11d525ee7eff22460"
    integrity sha1-L37V/u2C/38ChKzBHVJe5+/yJGA=
    dependencies:
      consolidate "^0.15.1"
      hash-sum "^1.0.2"
      lru-cache "^4.1.2"
      merge-source-map "^1.1.0"
      postcss "^7.0.36"
      postcss-selector-parser "^6.0.2"
      source-map "~0.6.1"
      vue-template-es2015-compiler "^1.9.0"
    optionalDependencies:
      prettier "^1.18.2"
  
  "@webassemblyjs/ast@1.11.1":
    version "1.11.1"
    resolved "https://registry.nlark.com/@webassemblyjs/ast/download/@webassemblyjs/ast-1.11.1.tgz?cache=0&sync_timestamp=1625473420080&other_urls=https%3A%2F%2Fregistry.nlark.com%2F%40webassemblyjs%2Fast%2Fdownload%2F%40webassemblyjs%2Fast-1.11.1.tgz#2bfd767eae1a6996f432ff7e8d7fc75679c0b6a7"
    integrity sha1-K/12fq4aaZb0Mv9+jX/HVnnAtqc=
    dependencies:
      "@webassemblyjs/helper-numbers" "1.11.1"
      "@webassemblyjs/helper-wasm-bytecode" "1.11.1"
  
  "@webassemblyjs/floating-point-hex-parser@1.11.1":
    version "1.11.1"
    resolved "https://registry.nlark.com/@webassemblyjs/floating-point-hex-parser/download/@webassemblyjs/floating-point-hex-parser-1.11.1.tgz#f6c61a705f0fd7a6aecaa4e8198f23d9dc179e4f"
    integrity sha1-9sYacF8P16auyqToGY8j2dwXnk8=
  
  "@webassemblyjs/helper-api-error@1.11.1":
    version "1.11.1"
    resolved "https://registry.nlark.com/@webassemblyjs/helper-api-error/download/@webassemblyjs/helper-api-error-1.11.1.tgz?cache=0&sync_timestamp=1625473346773&other_urls=https%3A%2F%2Fregistry.nlark.com%2F%40webassemblyjs%2Fhelper-api-error%2Fdownload%2F%40webassemblyjs%2Fhelper-api-error-1.11.1.tgz#1a63192d8788e5c012800ba6a7a46c705288fd16"
    integrity sha1-GmMZLYeI5cASgAump6RscFKI/RY=
  
  "@webassemblyjs/helper-buffer@1.11.1":
    version "1.11.1"
    resolved "https://registry.nlark.com/@webassemblyjs/helper-buffer/download/@webassemblyjs/helper-buffer-1.11.1.tgz#832a900eb444884cde9a7cad467f81500f5e5ab5"
    integrity sha1-gyqQDrREiEzemnytRn+BUA9eWrU=
  
  "@webassemblyjs/helper-numbers@1.11.1":
    version "1.11.1"
    resolved "https://registry.nlark.com/@webassemblyjs/helper-numbers/download/@webassemblyjs/helper-numbers-1.11.1.tgz#64d81da219fbbba1e3bd1bfc74f6e8c4e10a62ae"
    integrity sha1-ZNgdohn7u6HjvRv8dPboxOEKYq4=
    dependencies:
      "@webassemblyjs/floating-point-hex-parser" "1.11.1"
      "@webassemblyjs/helper-api-error" "1.11.1"
      "@xtuc/long" "4.2.2"
  
  "@webassemblyjs/helper-wasm-bytecode@1.11.1":
    version "1.11.1"
    resolved "https://registry.nlark.com/@webassemblyjs/helper-wasm-bytecode/download/@webassemblyjs/helper-wasm-bytecode-1.11.1.tgz#f328241e41e7b199d0b20c18e88429c4433295e1"
    integrity sha1-8ygkHkHnsZnQsgwY6IQpxEMyleE=
  
  "@webassemblyjs/helper-wasm-section@1.11.1":
    version "1.11.1"
    resolved "https://registry.nlark.com/@webassemblyjs/helper-wasm-section/download/@webassemblyjs/helper-wasm-section-1.11.1.tgz?cache=0&sync_timestamp=1625473466570&other_urls=https%3A%2F%2Fregistry.nlark.com%2F%40webassemblyjs%2Fhelper-wasm-section%2Fdownload%2F%40webassemblyjs%2Fhelper-wasm-section-1.11.1.tgz#21ee065a7b635f319e738f0dd73bfbda281c097a"
    integrity sha1-Ie4GWntjXzGec48N1zv72igcCXo=
    dependencies:
      "@webassemblyjs/ast" "1.11.1"
      "@webassemblyjs/helper-buffer" "1.11.1"
      "@webassemblyjs/helper-wasm-bytecode" "1.11.1"
      "@webassemblyjs/wasm-gen" "1.11.1"
  
  "@webassemblyjs/ieee754@1.11.1":
    version "1.11.1"
    resolved "https://registry.nlark.com/@webassemblyjs/ieee754/download/@webassemblyjs/ieee754-1.11.1.tgz#963929e9bbd05709e7e12243a099180812992614"
    integrity sha1-ljkp6bvQVwnn4SJDoJkYCBKZJhQ=
    dependencies:
      "@xtuc/ieee754" "^1.2.0"
  
  "@webassemblyjs/leb128@1.11.1":
    version "1.11.1"
    resolved "https://registry.nlark.com/@webassemblyjs/leb128/download/@webassemblyjs/leb128-1.11.1.tgz#ce814b45574e93d76bae1fb2644ab9cdd9527aa5"
    integrity sha1-zoFLRVdOk9drrh+yZEq5zdlSeqU=
    dependencies:
      "@xtuc/long" "4.2.2"
  
  "@webassemblyjs/utf8@1.11.1":
    version "1.11.1"
    resolved "https://registry.nlark.com/@webassemblyjs/utf8/download/@webassemblyjs/utf8-1.11.1.tgz#d1f8b764369e7c6e6bae350e854dec9a59f0a3ff"
    integrity sha1-0fi3ZDaefG5rrjUOhU3smlnwo/8=
  
  "@webassemblyjs/wasm-edit@1.11.1":
    version "1.11.1"
    resolved "https://registry.nlark.com/@webassemblyjs/wasm-edit/download/@webassemblyjs/wasm-edit-1.11.1.tgz?cache=0&sync_timestamp=1625473422937&other_urls=https%3A%2F%2Fregistry.nlark.com%2F%40webassemblyjs%2Fwasm-edit%2Fdownload%2F%40webassemblyjs%2Fwasm-edit-1.11.1.tgz#ad206ebf4bf95a058ce9880a8c092c5dec8193d6"
    integrity sha1-rSBuv0v5WgWM6YgKjAksXeyBk9Y=
    dependencies:
      "@webassemblyjs/ast" "1.11.1"
      "@webassemblyjs/helper-buffer" "1.11.1"
      "@webassemblyjs/helper-wasm-bytecode" "1.11.1"
      "@webassemblyjs/helper-wasm-section" "1.11.1"
      "@webassemblyjs/wasm-gen" "1.11.1"
      "@webassemblyjs/wasm-opt" "1.11.1"
      "@webassemblyjs/wasm-parser" "1.11.1"
      "@webassemblyjs/wast-printer" "1.11.1"
  
  "@webassemblyjs/wasm-gen@1.11.1":
    version "1.11.1"
    resolved "https://registry.nlark.com/@webassemblyjs/wasm-gen/download/@webassemblyjs/wasm-gen-1.11.1.tgz?cache=0&sync_timestamp=1625473464969&other_urls=https%3A%2F%2Fregistry.nlark.com%2F%40webassemblyjs%2Fwasm-gen%2Fdownload%2F%40webassemblyjs%2Fwasm-gen-1.11.1.tgz#86c5ea304849759b7d88c47a32f4f039ae3c8f76"
    integrity sha1-hsXqMEhJdZt9iMR6MvTwOa48j3Y=
    dependencies:
      "@webassemblyjs/ast" "1.11.1"
      "@webassemblyjs/helper-wasm-bytecode" "1.11.1"
      "@webassemblyjs/ieee754" "1.11.1"
      "@webassemblyjs/leb128" "1.11.1"
      "@webassemblyjs/utf8" "1.11.1"
  
  "@webassemblyjs/wasm-opt@1.11.1":
    version "1.11.1"
    resolved "https://registry.nlark.com/@webassemblyjs/wasm-opt/download/@webassemblyjs/wasm-opt-1.11.1.tgz?cache=0&sync_timestamp=1625473467198&other_urls=https%3A%2F%2Fregistry.nlark.com%2F%40webassemblyjs%2Fwasm-opt%2Fdownload%2F%40webassemblyjs%2Fwasm-opt-1.11.1.tgz#657b4c2202f4cf3b345f8a4c6461c8c2418985f2"
    integrity sha1-ZXtMIgL0zzs0X4pMZGHIwkGJhfI=
    dependencies:
      "@webassemblyjs/ast" "1.11.1"
      "@webassemblyjs/helper-buffer" "1.11.1"
      "@webassemblyjs/wasm-gen" "1.11.1"
      "@webassemblyjs/wasm-parser" "1.11.1"
  
  "@webassemblyjs/wasm-parser@1.11.1":
    version "1.11.1"
    resolved "https://registry.nlark.com/@webassemblyjs/wasm-parser/download/@webassemblyjs/wasm-parser-1.11.1.tgz?cache=0&sync_timestamp=1625473417746&other_urls=https%3A%2F%2Fregistry.nlark.com%2F%40webassemblyjs%2Fwasm-parser%2Fdownload%2F%40webassemblyjs%2Fwasm-parser-1.11.1.tgz#86ca734534f417e9bd3c67c7a1c75d8be41fb199"
    integrity sha1-hspzRTT0F+m9PGfHocddi+QfsZk=
    dependencies:
      "@webassemblyjs/ast" "1.11.1"
      "@webassemblyjs/helper-api-error" "1.11.1"
      "@webassemblyjs/helper-wasm-bytecode" "1.11.1"
      "@webassemblyjs/ieee754" "1.11.1"
      "@webassemblyjs/leb128" "1.11.1"
      "@webassemblyjs/utf8" "1.11.1"
  
  "@webassemblyjs/wast-printer@1.11.1":
    version "1.11.1"
    resolved "https://registry.nlark.com/@webassemblyjs/wast-printer/download/@webassemblyjs/wast-printer-1.11.1.tgz?cache=0&sync_timestamp=1625473465901&other_urls=https%3A%2F%2Fregistry.nlark.com%2F%40webassemblyjs%2Fwast-printer%2Fdownload%2F%40webassemblyjs%2Fwast-printer-1.11.1.tgz#d0c73beda8eec5426f10ae8ef55cee5e7084c2f0"
    integrity sha1-0Mc77ajuxUJvEK6O9VzuXnCEwvA=
    dependencies:
      "@webassemblyjs/ast" "1.11.1"
      "@xtuc/long" "4.2.2"
  
  "@webpack-cli/configtest@^1.0.4":
    version "1.0.4"
    resolved "https://registry.nlark.com/@webpack-cli/configtest/download/@webpack-cli/configtest-1.0.4.tgz#f03ce6311c0883a83d04569e2c03c6238316d2aa"
    integrity sha1-8DzmMRwIg6g9BFaeLAPGI4MW0qo=
  
  "@webpack-cli/info@^1.3.0":
    version "1.3.0"
    resolved "https://registry.nlark.com/@webpack-cli/info/download/@webpack-cli/info-1.3.0.tgz#9d78a31101a960997a4acd41ffd9b9300627fe2b"
    integrity sha1-nXijEQGpYJl6Ss1B/9m5MAYn/is=
    dependencies:
      envinfo "^7.7.3"
  
  "@webpack-cli/serve@^1.5.2":
    version "1.5.2"
    resolved "https://registry.nlark.com/@webpack-cli/serve/download/@webpack-cli/serve-1.5.2.tgz#ea584b637ff63c5a477f6f21604b5a205b72c9ec"
    integrity sha1-6lhLY3/2PFpHf28hYEtaIFtyyew=
  
  "@xtuc/ieee754@^1.2.0":
    version "1.2.0"
    resolved "https://registry.nlark.com/@xtuc/ieee754/download/@xtuc/ieee754-1.2.0.tgz#eef014a3145ae477a1cbc00cd1e552336dceb790"
    integrity sha1-7vAUoxRa5Hehy8AM0eVSM23Ot5A=
  
  "@xtuc/long@4.2.2":
    version "4.2.2"
    resolved "https://registry.nlark.com/@xtuc/long/download/@xtuc/long-4.2.2.tgz#d291c6a4e97989b5c61d9acf396ae4fe133a718d"
    integrity sha1-0pHGpOl5ibXGHZrPOWrk/hM6cY0=
  
  acorn-import-assertions@^1.7.6:
    version "1.7.6"
    resolved "https://registry.nlark.com/acorn-import-assertions/download/acorn-import-assertions-1.7.6.tgz#580e3ffcae6770eebeec76c3b9723201e9d01f78"
    integrity sha1-WA4//K5ncO6+7HbDuXIyAenQH3g=
  
  acorn@^8.4.1:
    version "8.5.0"
    resolved "https://registry.nlark.com/acorn/download/acorn-8.5.0.tgz#4512ccb99b3698c752591e9bb4472e38ad43cee2"
    integrity sha1-RRLMuZs2mMdSWR6btEcuOK1DzuI=
  
  ajv-keywords@^3.5.2:
    version "3.5.2"
    resolved "https://registry.nlark.com/ajv-keywords/download/ajv-keywords-3.5.2.tgz#31f29da5ab6e00d1c2d329acf7b5929614d5014d"
    integrity sha1-MfKdpatuANHC0yms97WSlhTVAU0=
  
  ajv@^6.12.5:
    version "6.12.6"
    resolved "https://registry.nlark.com/ajv/download/ajv-6.12.6.tgz?cache=0&sync_timestamp=1631471007166&other_urls=https%3A%2F%2Fregistry.nlark.com%2Fajv%2Fdownload%2Fajv-6.12.6.tgz#baf5a62e802b07d977034586f8c3baf5adf26df4"
    integrity sha1-uvWmLoArB9l3A0WG+MO69a3ybfQ=
    dependencies:
      fast-deep-equal "^3.1.1"
      fast-json-stable-stringify "^2.0.0"
      json-schema-traverse "^0.4.1"
      uri-js "^4.2.2"
  
  ansi-styles@^3.2.1:
    version "3.2.1"
    resolved "https://registry.nlark.com/ansi-styles/download/ansi-styles-3.2.1.tgz#41fbb20243e50b12be0f04b8dedbf07520ce841d"
    integrity sha1-QfuyAkPlCxK+DwS43tvwdSDOhB0=
    dependencies:
      color-convert "^1.9.0"
  
  big.js@^5.2.2:
    version "5.2.2"
    resolved "https://registry.nlark.com/big.js/download/big.js-5.2.2.tgz#65f0af382f578bcdc742bd9c281e9cb2d7768328"
    integrity sha1-ZfCvOC9Xi83HQr2cKB6cstd2gyg=
  
  bluebird@^3.1.1:
    version "3.7.2"
    resolved "https://registry.nlark.com/bluebird/download/bluebird-3.7.2.tgz#9f229c15be272454ffa973ace0dbee79a1b0c36f"
    integrity sha1-nyKcFb4nJFT/qXOs4NvueaGww28=
  
  browserslist@^4.14.5:
    version "4.17.1"
    resolved "https://registry.nlark.com/browserslist/download/browserslist-4.17.1.tgz#a98d104f54af441290b7d592626dd541fa642eb9"
    integrity sha1-qY0QT1SvRBKQt9WSYm3VQfpkLrk=
    dependencies:
      caniuse-lite "^1.0.30001259"
      electron-to-chromium "^1.3.846"
      escalade "^3.1.1"
      nanocolors "^0.1.5"
      node-releases "^1.1.76"
  
  buffer-from@^1.0.0:
    version "1.1.2"
    resolved "https://registry.nlark.com/buffer-from/download/buffer-from-1.1.2.tgz?cache=0&sync_timestamp=1627578361955&other_urls=https%3A%2F%2Fregistry.nlark.com%2Fbuffer-from%2Fdownload%2Fbuffer-from-1.1.2.tgz#2b146a6fd72e80b4f55d255f35ed59a3a9a41bd5"
    integrity sha1-KxRqb9cugLT1XSVfNe1Zo6mkG9U=
  
  caniuse-lite@^1.0.30001259:
    version "1.0.30001259"
    resolved "https://registry.nlark.com/caniuse-lite/download/caniuse-lite-1.0.30001259.tgz?cache=0&sync_timestamp=1632203408032&other_urls=https%3A%2F%2Fregistry.nlark.com%2Fcaniuse-lite%2Fdownload%2Fcaniuse-lite-1.0.30001259.tgz#ae21691d3da9c4be6144403ac40f71d9f6efd790"
    integrity sha1-riFpHT2pxL5hREA6xA9x2fbv15A=
  
  chalk@^2.4.2:
    version "2.4.2"
    resolved "https://registry.nlark.com/chalk/download/chalk-2.4.2.tgz?cache=0&sync_timestamp=1627646614989&other_urls=https%3A%2F%2Fregistry.nlark.com%2Fchalk%2Fdownload%2Fchalk-2.4.2.tgz#cd42541677a54333cf541a49108c1432b44c9424"
    integrity sha1-zUJUFnelQzPPVBpJEIwUMrRMlCQ=
    dependencies:
      ansi-styles "^3.2.1"
      escape-string-regexp "^1.0.5"
      supports-color "^5.3.0"
  
  chrome-trace-event@^1.0.2:
    version "1.0.3"
    resolved "https://registry.nlark.com/chrome-trace-event/download/chrome-trace-event-1.0.3.tgz#1015eced4741e15d06664a957dbbf50d041e26ac"
    integrity sha1-EBXs7UdB4V0GZkqVfbv1DQQeJqw=
  
  clone-deep@^4.0.1:
    version "4.0.1"
    resolved "https://registry.nlark.com/clone-deep/download/clone-deep-4.0.1.tgz#c19fd9bdbbf85942b4fd979c84dcf7d5f07c2387"
    integrity sha1-wZ/Zvbv4WUK0/ZechNz31fB8I4c=
    dependencies:
      is-plain-object "^2.0.4"
      kind-of "^6.0.2"
      shallow-clone "^3.0.0"
  
  color-convert@^1.9.0:
    version "1.9.3"
    resolved "https://registry.nlark.com/color-convert/download/color-convert-1.9.3.tgz?cache=0&sync_timestamp=1624607968569&other_urls=https%3A%2F%2Fregistry.nlark.com%2Fcolor-convert%2Fdownload%2Fcolor-convert-1.9.3.tgz#bb71850690e1f136567de629d2d5471deda4c1e8"
    integrity sha1-u3GFBpDh8TZWfeYp0tVHHe2kweg=
    dependencies:
      color-name "1.1.3"
  
  color-name@1.1.3:
    version "1.1.3"
    resolved "https://registry.nlark.com/color-name/download/color-name-1.1.3.tgz#a7d0558bd89c42f795dd42328f740831ca53bc25"
    integrity sha1-p9BVi9icQveV3UIyj3QIMcpTvCU=
  
  colorette@^1.2.1:
    version "1.4.0"
    resolved "https://registry.npmmirror.com/colorette/download/colorette-1.4.0.tgz#5190fbb87276259a86ad700bff2c6d6faa3fca40"
    integrity sha1-UZD7uHJ2JZqGrXAL/yxtb6o/ykA=
  
  commander@^2.20.0:
    version "2.20.3"
    resolved "https://registry.nlark.com/commander/download/commander-2.20.3.tgz?cache=0&sync_timestamp=1631257318022&other_urls=https%3A%2F%2Fregistry.nlark.com%2Fcommander%2Fdownload%2Fcommander-2.20.3.tgz#fd485e84c03eb4881c20722ba48035e8531aeb33"
    integrity sha1-/UhehMA+tIgcIHIrpIA16FMa6zM=
  
  commander@^7.0.0:
    version "7.2.0"
    resolved "https://registry.nlark.com/commander/download/commander-7.2.0.tgz?cache=0&sync_timestamp=1631257318022&other_urls=https%3A%2F%2Fregistry.nlark.com%2Fcommander%2Fdownload%2Fcommander-7.2.0.tgz#a36cb57d0b501ce108e4d20559a150a391d97ab7"
    integrity sha1-o2y1fQtQHOEI5NIFWaFQo5HZerc=
  
  consolidate@^0.15.1:
    version "0.15.1"
    resolved "https://registry.nlark.com/consolidate/download/consolidate-0.15.1.tgz#21ab043235c71a07d45d9aad98593b0dba56bab7"
    integrity sha1-IasEMjXHGgfUXZqtmFk7DbpWurc=
    dependencies:
      bluebird "^3.1.1"
  
  cross-spawn@^7.0.3:
    version "7.0.3"
    resolved "https://registry.nlark.com/cross-spawn/download/cross-spawn-7.0.3.tgz?cache=0&sync_timestamp=1624608055915&other_urls=https%3A%2F%2Fregistry.nlark.com%2Fcross-spawn%2Fdownload%2Fcross-spawn-7.0.3.tgz#f73a85b9d5d41d045551c177e2882d4ac85728a6"
    integrity sha1-9zqFudXUHQRVUcF34ogtSshXKKY=
    dependencies:
      path-key "^3.1.0"
      shebang-command "^2.0.0"
      which "^2.0.1"
  
  css-loader@^6.3.0:
    version "6.3.0"
    resolved "https://registry.nlark.com/css-loader/download/css-loader-6.3.0.tgz#334d3500ff0a0c14cfbd4b0670088dbb5b5c1530"
    integrity sha1-M001AP8KDBTPvUsGcAiNu1tcFTA=
    dependencies:
      icss-utils "^5.1.0"
      postcss "^8.2.15"
      postcss-modules-extract-imports "^3.0.0"
      postcss-modules-local-by-default "^4.0.0"
      postcss-modules-scope "^3.0.0"
      postcss-modules-values "^4.0.0"
      postcss-value-parser "^4.1.0"
      semver "^7.3.5"
  
  cssesc@^3.0.0:
    version "3.0.0"
    resolved "https://registry.nlark.com/cssesc/download/cssesc-3.0.0.tgz#37741919903b868565e1c09ea747445cd18983ee"
    integrity sha1-N3QZGZA7hoVl4cCep0dEXNGJg+4=
  
  de-indent@^1.0.2:
    version "1.0.2"
    resolved "https://registry.nlark.com/de-indent/download/de-indent-1.0.2.tgz#b2038e846dc33baa5796128d0804b455b8c1e21d"
    integrity sha1-sgOOhG3DO6pXlhKNCAS0VbjB4h0=
  
  electron-to-chromium@^1.3.846:
    version "1.3.848"
    resolved "https://registry.npmmirror.com/electron-to-chromium/download/electron-to-chromium-1.3.848.tgz#94cc196e496f33c0d71cd98561448f10018584cc"
    integrity sha1-lMwZbklvM8DXHNmFYUSPEAGFhMw=
  
  emojis-list@^3.0.0:
    version "3.0.0"
    resolved "https://registry.nlark.com/emojis-list/download/emojis-list-3.0.0.tgz#5570662046ad29e2e916e71aae260abdff4f6a78"
    integrity sha1-VXBmIEatKeLpFucariYKvf9Pang=
  
  enhanced-resolve@^5.8.0:
    version "5.8.3"
    resolved "https://registry.nlark.com/enhanced-resolve/download/enhanced-resolve-5.8.3.tgz#6d552d465cce0423f5b3d718511ea53826a7b2f0"
    integrity sha1-bVUtRlzOBCP1s9cYUR6lOCansvA=
    dependencies:
      graceful-fs "^4.2.4"
      tapable "^2.2.0"
  
  envinfo@^7.7.3:
    version "7.8.1"
    resolved "https://registry.nlark.com/envinfo/download/envinfo-7.8.1.tgz#06377e3e5f4d379fea7ac592d5ad8927e0c4d475"
    integrity sha1-Bjd+Pl9NN5/qesWS1a2JJ+DE1HU=
  
  es-module-lexer@^0.7.1:
    version "0.7.1"
    resolved "https://registry.nlark.com/es-module-lexer/download/es-module-lexer-0.7.1.tgz?cache=0&sync_timestamp=1632013134067&other_urls=https%3A%2F%2Fregistry.nlark.com%2Fes-module-lexer%2Fdownload%2Fes-module-lexer-0.7.1.tgz#c2c8e0f46f2df06274cdaf0dd3f3b33e0a0b267d"
    integrity sha1-wsjg9G8t8GJ0za8N0/OzPgoLJn0=
  
  escalade@^3.1.1:
    version "3.1.1"
    resolved "https://registry.nlark.com/escalade/download/escalade-3.1.1.tgz#d8cfdc7000965c5a0174b4a82eaa5c0552742e40"
    integrity sha1-2M/ccACWXFoBdLSoLqpcBVJ0LkA=
  
  escape-string-regexp@^1.0.5:
    version "1.0.5"
    resolved "https://registry.nlark.com/escape-string-regexp/download/escape-string-regexp-1.0.5.tgz#1b61c0562190a8dff6ae3bb2cf0200ca130b86d4"
    integrity sha1-G2HAViGQqN/2rjuyzwIAyhMLhtQ=
  
  eslint-scope@5.1.1:
    version "5.1.1"
    resolved "https://registry.nlark.com/eslint-scope/download/eslint-scope-5.1.1.tgz?cache=0&sync_timestamp=1627061754690&other_urls=https%3A%2F%2Fregistry.nlark.com%2Feslint-scope%2Fdownload%2Feslint-scope-5.1.1.tgz#e786e59a66cb92b3f6c1fb0d508aab174848f48c"
    integrity sha1-54blmmbLkrP2wfsNUIqrF0hI9Iw=
    dependencies:
      esrecurse "^4.3.0"
      estraverse "^4.1.1"
  
  esrecurse@^4.3.0:
    version "4.3.0"
    resolved "https://registry.nlark.com/esrecurse/download/esrecurse-4.3.0.tgz#7ad7964d679abb28bee72cec63758b1c5d2c9921"
    integrity sha1-eteWTWeauyi+5yzsY3WLHF0smSE=
    dependencies:
      estraverse "^5.2.0"
  
  estraverse@^4.1.1:
    version "4.3.0"
    resolved "https://registry.nlark.com/estraverse/download/estraverse-4.3.0.tgz?cache=0&sync_timestamp=1624607974054&other_urls=https%3A%2F%2Fregistry.nlark.com%2Festraverse%2Fdownload%2Festraverse-4.3.0.tgz#398ad3f3c5a24948be7725e83d11a7de28cdbd1d"
    integrity sha1-OYrT88WiSUi+dyXoPRGn3ijNvR0=
  
  estraverse@^5.2.0:
    version "5.2.0"
    resolved "https://registry.nlark.com/estraverse/download/estraverse-5.2.0.tgz?cache=0&sync_timestamp=1624607974054&other_urls=https%3A%2F%2Fregistry.nlark.com%2Festraverse%2Fdownload%2Festraverse-5.2.0.tgz#307df42547e6cc7324d3cf03c155d5cdb8c53880"
    integrity sha1-MH30JUfmzHMk088DwVXVzbjFOIA=
  
  events@^3.2.0:
    version "3.3.0"
    resolved "https://registry.nlark.com/events/download/events-3.3.0.tgz#31a95ad0a924e2d2c419a813aeb2c4e878ea7400"
    integrity sha1-Mala0Kkk4tLEGagTrrLE6HjqdAA=
  
  execa@^5.0.0:
    version "5.1.1"
    resolved "https://registry.nlark.com/execa/download/execa-5.1.1.tgz#f80ad9cbf4298f7bd1d4c9555c21e93741c411dd"
    integrity sha1-+ArZy/Qpj3vR1MlVXCHpN0HEEd0=
    dependencies:
      cross-spawn "^7.0.3"
      get-stream "^6.0.0"
      human-signals "^2.1.0"
      is-stream "^2.0.0"
      merge-stream "^2.0.0"
      npm-run-path "^4.0.1"
      onetime "^5.1.2"
      signal-exit "^3.0.3"
      strip-final-newline "^2.0.0"
  
  fast-deep-equal@^3.1.1:
    version "3.1.3"
    resolved "https://registry.nlark.com/fast-deep-equal/download/fast-deep-equal-3.1.3.tgz?cache=0&sync_timestamp=1624607945641&other_urls=https%3A%2F%2Fregistry.nlark.com%2Ffast-deep-equal%2Fdownload%2Ffast-deep-equal-3.1.3.tgz#3a7d56b559d6cbc3eb512325244e619a65c6c525"
    integrity sha1-On1WtVnWy8PrUSMlJE5hmmXGxSU=
  
  fast-json-stable-stringify@^2.0.0:
    version "2.1.0"
    resolved "https://registry.nlark.com/fast-json-stable-stringify/download/fast-json-stable-stringify-2.1.0.tgz#874bf69c6f404c2b5d99c481341399fd55892633"
    integrity sha1-h0v2nG9ATCtdmcSBNBOZ/VWJJjM=
  
  fastest-levenshtein@^1.0.12:
    version "1.0.12"
    resolved "https://registry.nlark.com/fastest-levenshtein/download/fastest-levenshtein-1.0.12.tgz#9990f7d3a88cc5a9ffd1f1745745251700d497e2"
    integrity sha1-mZD306iMxan/0fF0V0UlFwDUl+I=
  
  file-loader@^6.2.0:
    version "6.2.0"
    resolved "https://registry.nlark.com/file-loader/download/file-loader-6.2.0.tgz?cache=0&sync_timestamp=1624607980029&other_urls=https%3A%2F%2Fregistry.nlark.com%2Ffile-loader%2Fdownload%2Ffile-loader-6.2.0.tgz#baef7cf8e1840df325e4390b4484879480eebe4d"
    integrity sha1-uu98+OGEDfMl5DkLRISHlIDuvk0=
    dependencies:
      loader-utils "^2.0.0"
      schema-utils "^3.0.0"
  
  find-up@^4.0.0:
    version "4.1.0"
    resolved "https://registry.nlark.com/find-up/download/find-up-4.1.0.tgz?cache=0&other_urls=https%3A%2F%2Fregistry.nlark.com%2Ffind-up%2Fdownload%2Ffind-up-4.1.0.tgz#97afe7d6cdc0bc5928584b7c8d7b16e8a9aa5d19"
    integrity sha1-l6/n1s3AvFkoWEt8jXsW6KmqXRk=
    dependencies:
      locate-path "^5.0.0"
      path-exists "^4.0.0"
  
  function-bind@^1.1.1:
    version "1.1.1"
    resolved "https://registry.nlark.com/function-bind/download/function-bind-1.1.1.tgz#a56899d3ea3c9bab874bb9773b7c5ede92f4895d"
    integrity sha1-pWiZ0+o8m6uHS7l3O3xe3pL0iV0=
  
  get-stream@^6.0.0:
    version "6.0.1"
    resolved "https://registry.nlark.com/get-stream/download/get-stream-6.0.1.tgz#a262d8eef67aced57c2852ad6167526a43cbf7b7"
    integrity sha1-omLY7vZ6ztV8KFKtYWdSakPL97c=
  
  glob-to-regexp@^0.4.1:
    version "0.4.1"
    resolved "https://registry.nlark.com/glob-to-regexp/download/glob-to-regexp-0.4.1.tgz#c75297087c851b9a578bd217dd59a92f59fe546e"
    integrity sha1-x1KXCHyFG5pXi9IX3VmpL1n+VG4=
  
  graceful-fs@^4.1.2, graceful-fs@^4.2.4:
    version "4.2.8"
    resolved "https://registry.nlark.com/graceful-fs/download/graceful-fs-4.2.8.tgz?cache=0&sync_timestamp=1628194007768&other_urls=https%3A%2F%2Fregistry.nlark.com%2Fgraceful-fs%2Fdownload%2Fgraceful-fs-4.2.8.tgz#e412b8d33f5e006593cbd3cee6df9f2cebbe802a"
    integrity sha1-5BK40z9eAGWTy9PO5t+fLOu+gCo=
  
  has-flag@^3.0.0:
    version "3.0.0"
    resolved "https://registry.nlark.com/has-flag/download/has-flag-3.0.0.tgz?cache=0&sync_timestamp=1626716578584&other_urls=https%3A%2F%2Fregistry.nlark.com%2Fhas-flag%2Fdownload%2Fhas-flag-3.0.0.tgz#b5d454dc2199ae225699f3467e5a07f3b955bafd"
    integrity sha1-tdRU3CGZriJWmfNGfloH87lVuv0=
  
  has-flag@^4.0.0:
    version "4.0.0"
    resolved "https://registry.nlark.com/has-flag/download/has-flag-4.0.0.tgz?cache=0&sync_timestamp=1626716578584&other_urls=https%3A%2F%2Fregistry.nlark.com%2Fhas-flag%2Fdownload%2Fhas-flag-4.0.0.tgz#944771fd9c81c81265c4d6941860da06bb59479b"
    integrity sha1-lEdx/ZyByBJlxNaUGGDaBrtZR5s=
  
  has@^1.0.3:
    version "1.0.3"
    resolved "https://registry.nlark.com/has/download/has-1.0.3.tgz#722d7cbfc1f6aa8241f16dd814e011e1f41e8796"
    integrity sha1-ci18v8H2qoJB8W3YFOAR4fQeh5Y=
    dependencies:
      function-bind "^1.1.1"
  
  hash-sum@^1.0.2:
    version "1.0.2"
    resolved "https://registry.nlark.com/hash-sum/download/hash-sum-1.0.2.tgz#33b40777754c6432573c120cc3808bbd10d47f04"
    integrity sha1-M7QHd3VMZDJXPBIMw4CLvRDUfwQ=
  
  he@^1.1.0:
    version "1.2.0"
    resolved "https://registry.nlark.com/he/download/he-1.2.0.tgz#84ae65fa7eafb165fddb61566ae14baf05664f0f"
    integrity sha1-hK5l+n6vsWX922FWauFLrwVmTw8=
  
  human-signals@^2.1.0:
    version "2.1.0"
    resolved "https://registry.nlark.com/human-signals/download/human-signals-2.1.0.tgz#dc91fcba42e4d06e4abaed33b3e7a3c02f514ea0"
    integrity sha1-3JH8ukLk0G5Kuu0zs+ejwC9RTqA=
  
  icss-utils@^5.0.0, icss-utils@^5.1.0:
    version "5.1.0"
    resolved "https://registry.nlark.com/icss-utils/download/icss-utils-5.1.0.tgz#c6be6858abd013d768e98366ae47e25d5887b1ae"
    integrity sha1-xr5oWKvQE9do6YNmrkfiXViHsa4=
  
  import-local@^3.0.2:
    version "3.0.2"
    resolved "https://registry.nlark.com/import-local/download/import-local-3.0.2.tgz#a8cfd0431d1de4a2199703d003e3e62364fa6db6"
    integrity sha1-qM/QQx0d5KIZlwPQA+PmI2T6bbY=
    dependencies:
      pkg-dir "^4.2.0"
      resolve-cwd "^3.0.0"
  
  interpret@^2.2.0:
    version "2.2.0"
    resolved "https://registry.nlark.com/interpret/download/interpret-2.2.0.tgz?cache=0&sync_timestamp=1624607963441&other_urls=https%3A%2F%2Fregistry.nlark.com%2Finterpret%2Fdownload%2Finterpret-2.2.0.tgz#1a78a0b5965c40a5416d007ad6f50ad27c417df9"
    integrity sha1-GnigtZZcQKVBbQB61vUK0nxBffk=
  
  is-core-module@^2.2.0:
    version "2.6.0"
    resolved "https://registry.nlark.com/is-core-module/download/is-core-module-2.6.0.tgz?cache=0&sync_timestamp=1629225103688&other_urls=https%3A%2F%2Fregistry.nlark.com%2Fis-core-module%2Fdownload%2Fis-core-module-2.6.0.tgz#d7553b2526fe59b92ba3e40c8df757ec8a709e19"
    integrity sha1-11U7JSb+Wbkro+QMjfdX7Ipwnhk=
    dependencies:
      has "^1.0.3"
  
  is-plain-object@^2.0.4:
    version "2.0.4"
    resolved "https://registry.nlark.com/is-plain-object/download/is-plain-object-2.0.4.tgz?cache=0&sync_timestamp=1624608043754&other_urls=https%3A%2F%2Fregistry.nlark.com%2Fis-plain-object%2Fdownload%2Fis-plain-object-2.0.4.tgz#2c163b3fafb1b606d9d17928f05c2a1c38e07677"
    integrity sha1-LBY7P6+xtgbZ0Xko8FwqHDjgdnc=
    dependencies:
      isobject "^3.0.1"
  
  is-stream@^2.0.0:
    version "2.0.1"
    resolved "https://registry.nlark.com/is-stream/download/is-stream-2.0.1.tgz?cache=0&sync_timestamp=1628592752355&other_urls=https%3A%2F%2Fregistry.nlark.com%2Fis-stream%2Fdownload%2Fis-stream-2.0.1.tgz#fac1e3d53b97ad5a9d0ae9cef2389f5810a5c077"
    integrity sha1-+sHj1TuXrVqdCunO8jifWBClwHc=
  
  isexe@^2.0.0:
    version "2.0.0"
    resolved "https://registry.nlark.com/isexe/download/isexe-2.0.0.tgz#e8fbf374dc556ff8947a10dcb0572d633f2cfa10"
    integrity sha1-6PvzdNxVb/iUehDcsFctYz8s+hA=
  
  isobject@^3.0.1:
    version "3.0.1"
    resolved "https://registry.nlark.com/isobject/download/isobject-3.0.1.tgz#4e431e92b11a9731636aa1f9c8d1ccbcfdab78df"
    integrity sha1-TkMekrEalzFjaqH5yNHMvP2reN8=
  
  jest-worker@^27.0.6:
    version "27.2.0"
    resolved "https://registry.nlark.com/jest-worker/download/jest-worker-27.2.0.tgz?cache=0&sync_timestamp=1631520421179&other_urls=https%3A%2F%2Fregistry.nlark.com%2Fjest-worker%2Fdownload%2Fjest-worker-27.2.0.tgz#11eef39f1c88f41384ca235c2f48fe50bc229bc0"
    integrity sha1-Ee7znxyI9BOEyiNcL0j+ULwim8A=
    dependencies:
      "@types/node" "*"
      merge-stream "^2.0.0"
      supports-color "^8.0.0"
  
  json-parse-better-errors@^1.0.2:
    version "1.0.2"
    resolved "https://registry.nlark.com/json-parse-better-errors/download/json-parse-better-errors-1.0.2.tgz#bb867cfb3450e69107c131d1c514bab3dc8bcaa9"
    integrity sha1-u4Z8+zRQ5pEHwTHRxRS6s9yLyqk=
  
  json-schema-traverse@^0.4.1:
    version "0.4.1"
    resolved "https://registry.nlark.com/json-schema-traverse/download/json-schema-traverse-0.4.1.tgz#69f6a87d9513ab8bb8fe63bdb0979c448e684660"
    integrity sha1-afaofZUTq4u4/mO9sJecRI5oRmA=
  
  json5@^1.0.1:
    version "1.0.1"
    resolved "https://registry.nlark.com/json5/download/json5-1.0.1.tgz?cache=0&sync_timestamp=1624607963605&other_urls=https%3A%2F%2Fregistry.nlark.com%2Fjson5%2Fdownload%2Fjson5-1.0.1.tgz#779fb0018604fa854eacbf6252180d83543e3dbe"
    integrity sha1-d5+wAYYE+oVOrL9iUhgNg1Q+Pb4=
    dependencies:
      minimist "^1.2.0"
  
  json5@^2.1.2:
    version "2.2.0"
    resolved "https://registry.nlark.com/json5/download/json5-2.2.0.tgz?cache=0&sync_timestamp=1624607963605&other_urls=https%3A%2F%2Fregistry.nlark.com%2Fjson5%2Fdownload%2Fjson5-2.2.0.tgz#2dfefe720c6ba525d9ebd909950f0515316c89a3"
    integrity sha1-Lf7+cgxrpSXZ69kJlQ8FFTFsiaM=
    dependencies:
      minimist "^1.2.5"
  
  kind-of@^6.0.2:
    version "6.0.3"
    resolved "https://registry.nlark.com/kind-of/download/kind-of-6.0.3.tgz#07c05034a6c349fa06e24fa35aa76db4580ce4dd"
    integrity sha1-B8BQNKbDSfoG4k+jWqdttFgM5N0=
  
  loader-runner@^4.2.0:
    version "4.2.0"
    resolved "https://registry.nlark.com/loader-runner/download/loader-runner-4.2.0.tgz#d7022380d66d14c5fb1d496b89864ebcfd478384"
    integrity sha1-1wIjgNZtFMX7HUlriYZOvP1Hg4Q=
  
  loader-utils@^1.0.2, loader-utils@^1.1.0:
    version "1.4.0"
    resolved "https://registry.nlark.com/loader-utils/download/loader-utils-1.4.0.tgz?cache=0&sync_timestamp=1624607974187&other_urls=https%3A%2F%2Fregistry.nlark.com%2Floader-utils%2Fdownload%2Floader-utils-1.4.0.tgz#c579b5e34cb34b1a74edc6c1fb36bfa371d5a613"
    integrity sha1-xXm140yzSxp07cbB+za/o3HVphM=
    dependencies:
      big.js "^5.2.2"
      emojis-list "^3.0.0"
      json5 "^1.0.1"
  
  loader-utils@^2.0.0:
    version "2.0.0"
    resolved "https://registry.nlark.com/loader-utils/download/loader-utils-2.0.0.tgz?cache=0&sync_timestamp=1624607974187&other_urls=https%3A%2F%2Fregistry.nlark.com%2Floader-utils%2Fdownload%2Floader-utils-2.0.0.tgz#e4cace5b816d425a166b5f097e10cd12b36064b0"
    integrity sha1-5MrOW4FtQloWa18JfhDNErNgZLA=
    dependencies:
      big.js "^5.2.2"
      emojis-list "^3.0.0"
      json5 "^2.1.2"
  
  locate-path@^5.0.0:
    version "5.0.0"
    resolved "https://registry.nlark.com/locate-path/download/locate-path-5.0.0.tgz#1afba396afd676a6d42504d0a67a3a7eb9f62aa0"
    integrity sha1-Gvujlq/WdqbUJQTQpno6frn2KqA=
    dependencies:
      p-locate "^4.1.0"
  
  lru-cache@^4.1.2:
    version "4.1.5"
    resolved "https://registry.nlark.com/lru-cache/download/lru-cache-4.1.5.tgz#8bbe50ea85bed59bc9e33dcab8235ee9bcf443cd"
    integrity sha1-i75Q6oW+1ZvJ4z3KuCNe6bz0Q80=
    dependencies:
      pseudomap "^1.0.2"
      yallist "^2.1.2"
  
  lru-cache@^6.0.0:
    version "6.0.0"
    resolved "https://registry.nlark.com/lru-cache/download/lru-cache-6.0.0.tgz#6d6fe6570ebd96aaf90fcad1dafa3b2566db3a94"
    integrity sha1-bW/mVw69lqr5D8rR2vo7JWbbOpQ=
    dependencies:
      yallist "^4.0.0"
  
  merge-source-map@^1.1.0:
    version "1.1.0"
    resolved "https://registry.nlark.com/merge-source-map/download/merge-source-map-1.1.0.tgz#2fdde7e6020939f70906a68f2d7ae685e4c8c646"
    integrity sha1-L93n5gIJOfcJBqaPLXrmheTIxkY=
    dependencies:
      source-map "^0.6.1"
  
  merge-stream@^2.0.0:
    version "2.0.0"
    resolved "https://registry.nlark.com/merge-stream/download/merge-stream-2.0.0.tgz#52823629a14dd00c9770fb6ad47dc6310f2c1f60"
    integrity sha1-UoI2KaFN0AyXcPtq1H3GMQ8sH2A=
  
  mime-db@1.49.0:
    version "1.49.0"
    resolved "https://registry.nlark.com/mime-db/download/mime-db-1.49.0.tgz#f3dfde60c99e9cf3bc9701d687778f537001cbed"
    integrity sha1-89/eYMmenPO8lwHWh3ePU3ABy+0=
  
  mime-types@^2.1.27:
    version "2.1.32"
    resolved "https://registry.nlark.com/mime-types/download/mime-types-2.1.32.tgz?cache=0&sync_timestamp=1627407652875&other_urls=https%3A%2F%2Fregistry.nlark.com%2Fmime-types%2Fdownload%2Fmime-types-2.1.32.tgz#1d00e89e7de7fe02008db61001d9e02852670fd5"
    integrity sha1-HQDonn3n/gIAjbYQAdngKFJnD9U=
    dependencies:
      mime-db "1.49.0"
  
  mimic-fn@^2.1.0:
    version "2.1.0"
    resolved "https://registry.nlark.com/mimic-fn/download/mimic-fn-2.1.0.tgz#7ed2c2ccccaf84d3ffcb7a69b57711fc2083401b"
    integrity sha1-ftLCzMyvhNP/y3pptXcR/CCDQBs=
  
  minimist@^1.2.0, minimist@^1.2.5:
    version "1.2.5"
    resolved "https://registry.nlark.com/minimist/download/minimist-1.2.5.tgz?cache=0&sync_timestamp=1624607886507&other_urls=https%3A%2F%2Fregistry.nlark.com%2Fminimist%2Fdownload%2Fminimist-1.2.5.tgz#67d66014b66a6a8aaa0c083c5fd58df4e4e97602"
    integrity sha1-Z9ZgFLZqaoqqDAg8X9WN9OTpdgI=
  
  nanocolors@^0.1.5:
    version "0.1.6"
    resolved "https://registry.nlark.com/nanocolors/download/nanocolors-0.1.6.tgz?cache=0&sync_timestamp=1632297824236&other_urls=https%3A%2F%2Fregistry.nlark.com%2Fnanocolors%2Fdownload%2Fnanocolors-0.1.6.tgz#bc2350d3edfdbfadd7ac018c855ae7c13905a6ad"
    integrity sha1-vCNQ0+39v63XrAGMhVrnwTkFpq0=
  
  nanoid@^3.1.25:
    version "3.1.25"
    resolved "https://registry.nlark.com/nanoid/download/nanoid-3.1.25.tgz#09ca32747c0e543f0e1814b7d3793477f9c8e152"
    integrity sha1-CcoydHwOVD8OGBS303k0d/nI4VI=
  
  neo-async@^2.6.2:
    version "2.6.2"
    resolved "https://registry.nlark.com/neo-async/download/neo-async-2.6.2.tgz#b4aafb93e3aeb2d8174ca53cf163ab7d7308305f"
    integrity sha1-tKr7k+OustgXTKU88WOrfXMIMF8=
  
  node-releases@^1.1.76:
    version "1.1.76"
    resolved "https://registry.nlark.com/node-releases/download/node-releases-1.1.76.tgz?cache=0&sync_timestamp=1632151407523&other_urls=https%3A%2F%2Fregistry.nlark.com%2Fnode-releases%2Fdownload%2Fnode-releases-1.1.76.tgz#df245b062b0cafbd5282ab6792f7dccc2d97f36e"
    integrity sha1-3yRbBisMr71SgqtnkvfczC2X824=
  
  npm-run-path@^4.0.1:
    version "4.0.1"
    resolved "https://registry.nlark.com/npm-run-path/download/npm-run-path-4.0.1.tgz#b7ecd1e5ed53da8e37a55e1c2269e0b97ed748ea"
    integrity sha1-t+zR5e1T2o43pV4cImnguX7XSOo=
    dependencies:
      path-key "^3.0.0"
  
  onetime@^5.1.2:
    version "5.1.2"
    resolved "https://registry.nlark.com/onetime/download/onetime-5.1.2.tgz#d0e96ebb56b07476df1dd9c4806e5237985ca45e"
    integrity sha1-0Oluu1awdHbfHdnEgG5SN5hcpF4=
    dependencies:
      mimic-fn "^2.1.0"
  
  p-limit@^2.2.0:
    version "2.3.0"
    resolved "https://registry.nlark.com/p-limit/download/p-limit-2.3.0.tgz?cache=0&sync_timestamp=1628813055527&other_urls=https%3A%2F%2Fregistry.nlark.com%2Fp-limit%2Fdownload%2Fp-limit-2.3.0.tgz#3dd33c647a214fdfffd835933eb086da0dc21db1"
    integrity sha1-PdM8ZHohT9//2DWTPrCG2g3CHbE=
    dependencies:
      p-try "^2.0.0"
  
  p-limit@^3.1.0:
    version "3.1.0"
    resolved "https://registry.nlark.com/p-limit/download/p-limit-3.1.0.tgz?cache=0&sync_timestamp=1628813055527&other_urls=https%3A%2F%2Fregistry.nlark.com%2Fp-limit%2Fdownload%2Fp-limit-3.1.0.tgz#e1daccbe78d0d1388ca18c64fea38e3e57e3706b"
    integrity sha1-4drMvnjQ0TiMoYxk/qOOPlfjcGs=
    dependencies:
      yocto-queue "^0.1.0"
  
  p-locate@^4.1.0:
    version "4.1.0"
    resolved "https://registry.nlark.com/p-locate/download/p-locate-4.1.0.tgz?cache=0&sync_timestamp=1629892708584&other_urls=https%3A%2F%2Fregistry.nlark.com%2Fp-locate%2Fdownload%2Fp-locate-4.1.0.tgz#a3428bb7088b3a60292f66919278b7c297ad4f07"
    integrity sha1-o0KLtwiLOmApL2aRkni3wpetTwc=
    dependencies:
      p-limit "^2.2.0"
  
  p-try@^2.0.0:
    version "2.2.0"
    resolved "https://registry.nlark.com/p-try/download/p-try-2.2.0.tgz#cb2868540e313d61de58fafbe35ce9004d5540e6"
    integrity sha1-yyhoVA4xPWHeWPr741zpAE1VQOY=
  
  path-exists@^4.0.0:
    version "4.0.0"
    resolved "https://registry.nlark.com/path-exists/download/path-exists-4.0.0.tgz?cache=0&other_urls=https%3A%2F%2Fregistry.nlark.com%2Fpath-exists%2Fdownload%2Fpath-exists-4.0.0.tgz#513bdbe2d3b95d7762e8c1137efa195c6c61b5b3"
    integrity sha1-UTvb4tO5XXdi6METfvoZXGxhtbM=
  
  path-key@^3.0.0, path-key@^3.1.0:
    version "3.1.1"
    resolved "https://registry.nlark.com/path-key/download/path-key-3.1.1.tgz#581f6ade658cbba65a0d3380de7753295054f375"
    integrity sha1-WB9q3mWMu6ZaDTOA3ndTKVBU83U=
  
  path-parse@^1.0.6:
    version "1.0.7"
    resolved "https://registry.nlark.com/path-parse/download/path-parse-1.0.7.tgz#fbc114b60ca42b30d9daf5858e4bd68bbedb6735"
    integrity sha1-+8EUtgykKzDZ2vWFjkvWi77bZzU=
  
  pkg-dir@^4.2.0:
    version "4.2.0"
    resolved "https://registry.nlark.com/pkg-dir/download/pkg-dir-4.2.0.tgz?cache=0&sync_timestamp=1624607963968&other_urls=https%3A%2F%2Fregistry.nlark.com%2Fpkg-dir%2Fdownload%2Fpkg-dir-4.2.0.tgz#f099133df7ede422e81d1d8448270eeb3e4261f3"
    integrity sha1-8JkTPfft5CLoHR2ESCcO6z5CYfM=
    dependencies:
      find-up "^4.0.0"
  
  postcss-modules-extract-imports@^3.0.0:
    version "3.0.0"
    resolved "https://registry.nlark.com/postcss-modules-extract-imports/download/postcss-modules-extract-imports-3.0.0.tgz#cda1f047c0ae80c97dbe28c3e76a43b88025741d"
    integrity sha1-zaHwR8CugMl9vijD52pDuIAldB0=
  
  postcss-modules-local-by-default@^4.0.0:
    version "4.0.0"
    resolved "https://registry.nlark.com/postcss-modules-local-by-default/download/postcss-modules-local-by-default-4.0.0.tgz#ebbb54fae1598eecfdf691a02b3ff3b390a5a51c"
    integrity sha1-67tU+uFZjuz99pGgKz/zs5ClpRw=
    dependencies:
      icss-utils "^5.0.0"
      postcss-selector-parser "^6.0.2"
      postcss-value-parser "^4.1.0"
  
  postcss-modules-scope@^3.0.0:
    version "3.0.0"
    resolved "https://registry.nlark.com/postcss-modules-scope/download/postcss-modules-scope-3.0.0.tgz#9ef3151456d3bbfa120ca44898dfca6f2fa01f06"
    integrity sha1-nvMVFFbTu/oSDKRImN/Kby+gHwY=
    dependencies:
      postcss-selector-parser "^6.0.4"
  
  postcss-modules-values@^4.0.0:
    version "4.0.0"
    resolved "https://registry.nlark.com/postcss-modules-values/download/postcss-modules-values-4.0.0.tgz#d7c5e7e68c3bb3c9b27cbf48ca0bb3ffb4602c9c"
    integrity sha1-18Xn5ow7s8myfL9Iyguz/7RgLJw=
    dependencies:
      icss-utils "^5.0.0"
  
  postcss-selector-parser@^6.0.2, postcss-selector-parser@^6.0.4:
    version "6.0.6"
    resolved "https://registry.nlark.com/postcss-selector-parser/download/postcss-selector-parser-6.0.6.tgz#2c5bba8174ac2f6981ab631a42ab0ee54af332ea"
    integrity sha1-LFu6gXSsL2mBq2MaQqsO5UrzMuo=
    dependencies:
      cssesc "^3.0.0"
      util-deprecate "^1.0.2"
  
  postcss-value-parser@^4.1.0:
    version "4.1.0"
    resolved "https://registry.nlark.com/postcss-value-parser/download/postcss-value-parser-4.1.0.tgz?cache=0&sync_timestamp=1624607970310&other_urls=https%3A%2F%2Fregistry.nlark.com%2Fpostcss-value-parser%2Fdownload%2Fpostcss-value-parser-4.1.0.tgz#443f6a20ced6481a2bda4fa8532a6e55d789a2cb"
    integrity sha1-RD9qIM7WSBor2k+oUypuVdeJoss=
  
  postcss@^7.0.36:
    version "7.0.36"
    resolved "https://registry.nlark.com/postcss/download/postcss-7.0.36.tgz#056f8cffa939662a8f5905950c07d5285644dfcb"
    integrity sha1-BW+M/6k5ZiqPWQWVDAfVKFZE38s=
    dependencies:
      chalk "^2.4.2"
      source-map "^0.6.1"
      supports-color "^6.1.0"
  
  postcss@^8.2.15:
    version "8.3.7"
    resolved "https://registry.nlark.com/postcss/download/postcss-8.3.7.tgz#ec88563588c8da8e58e7226f7633b51ae221eeda"
    integrity sha1-7IhWNYjI2o5Y5yJvdjO1GuIh7to=
    dependencies:
      nanocolors "^0.1.5"
      nanoid "^3.1.25"
      source-map-js "^0.6.2"
  
  prettier@^1.18.2:
    version "1.19.1"
    resolved "https://registry.nlark.com/prettier/download/prettier-1.19.1.tgz?cache=0&sync_timestamp=1631777098686&other_urls=https%3A%2F%2Fregistry.nlark.com%2Fprettier%2Fdownload%2Fprettier-1.19.1.tgz#f7d7f5ff8a9cd872a7be4ca142095956a60797cb"
    integrity sha1-99f1/4qc2HKnvkyhQglZVqYHl8s=
  
  pseudomap@^1.0.2:
    version "1.0.2"
    resolved "https://registry.nlark.com/pseudomap/download/pseudomap-1.0.2.tgz#f052a28da70e618917ef0a8ac34c1ae5a68286b3"
    integrity sha1-8FKijacOYYkX7wqKw0wa5aaChrM=
  
  punycode@^2.1.0:
    version "2.1.1"
    resolved "https://registry.nlark.com/punycode/download/punycode-2.1.1.tgz#b58b010ac40c22c5657616c8d2c2c02c7bf479ec"
    integrity sha1-tYsBCsQMIsVldhbI0sLALHv0eew=
  
  randombytes@^2.1.0:
    version "2.1.0"
    resolved "https://registry.nlark.com/randombytes/download/randombytes-2.1.0.tgz#df6f84372f0270dc65cdf6291349ab7a473d4f2a"
    integrity sha1-32+ENy8CcNxlzfYpE0mrekc9Tyo=
    dependencies:
      safe-buffer "^5.1.0"
  
  rechoir@^0.7.0:
    version "0.7.1"
    resolved "https://registry.nlark.com/rechoir/download/rechoir-0.7.1.tgz#9478a96a1ca135b5e88fc027f03ee92d6c645686"
    integrity sha1-lHipahyhNbXoj8An8D7pLWxkVoY=
    dependencies:
      resolve "^1.9.0"
  
  resolve-cwd@^3.0.0:
    version "3.0.0"
    resolved "https://registry.nlark.com/resolve-cwd/download/resolve-cwd-3.0.0.tgz#0f0075f1bb2544766cf73ba6a6e2adfebcb13f2d"
    integrity sha1-DwB18bslRHZs9zumpuKt/ryxPy0=
    dependencies:
      resolve-from "^5.0.0"
  
  resolve-from@^5.0.0:
    version "5.0.0"
    resolved "https://registry.nlark.com/resolve-from/download/resolve-from-5.0.0.tgz?cache=0&sync_timestamp=1624607952279&other_urls=https%3A%2F%2Fregistry.nlark.com%2Fresolve-from%2Fdownload%2Fresolve-from-5.0.0.tgz#c35225843df8f776df21c57557bc087e9dfdfc69"
    integrity sha1-w1IlhD3493bfIcV1V7wIfp39/Gk=
  
  resolve@^1.9.0:
    version "1.20.0"
    resolved "https://registry.nlark.com/resolve/download/resolve-1.20.0.tgz#629a013fb3f70755d6f0b7935cc1c2c5378b1975"
    integrity sha1-YpoBP7P3B1XW8LeTXMHCxTeLGXU=
    dependencies:
      is-core-module "^2.2.0"
      path-parse "^1.0.6"
  
  safe-buffer@^5.1.0:
    version "5.2.1"
    resolved "https://registry.nlark.com/safe-buffer/download/safe-buffer-5.2.1.tgz#1eaf9fa9bdb1fdd4ec75f58f9cdb4e6b7827eec6"
    integrity sha1-Hq+fqb2x/dTsdfWPnNtOa3gn7sY=
  
  schema-utils@^3.0.0, schema-utils@^3.1.0, schema-utils@^3.1.1:
    version "3.1.1"
    resolved "https://registry.nlark.com/schema-utils/download/schema-utils-3.1.1.tgz?cache=0&sync_timestamp=1626694902084&other_urls=https%3A%2F%2Fregistry.nlark.com%2Fschema-utils%2Fdownload%2Fschema-utils-3.1.1.tgz#bc74c4b6b6995c1d88f76a8b77bea7219e0c8281"
    integrity sha1-vHTEtraZXB2I92qLd76nIZ4MgoE=
    dependencies:
      "@types/json-schema" "^7.0.8"
      ajv "^6.12.5"
      ajv-keywords "^3.5.2"
  
  semver@^7.3.5:
    version "7.3.5"
    resolved "https://registry.nlark.com/semver/download/semver-7.3.5.tgz?cache=0&sync_timestamp=1624607961409&other_urls=https%3A%2F%2Fregistry.nlark.com%2Fsemver%2Fdownload%2Fsemver-7.3.5.tgz#0b621c879348d8998e4b0e4be94b3f12e6018ef7"
    integrity sha1-C2Ich5NI2JmOSw5L6Us/EuYBjvc=
    dependencies:
      lru-cache "^6.0.0"
  
  serialize-javascript@^6.0.0:
    version "6.0.0"
    resolved "https://registry.nlark.com/serialize-javascript/download/serialize-javascript-6.0.0.tgz?cache=0&sync_timestamp=1624608021459&other_urls=https%3A%2F%2Fregistry.nlark.com%2Fserialize-javascript%2Fdownload%2Fserialize-javascript-6.0.0.tgz#efae5d88f45d7924141da8b5c3a7a7e663fefeb8"
    integrity sha1-765diPRdeSQUHai1w6en5mP+/rg=
    dependencies:
      randombytes "^2.1.0"
  
  shallow-clone@^3.0.0:
    version "3.0.1"
    resolved "https://registry.nlark.com/shallow-clone/download/shallow-clone-3.0.1.tgz#8f2981ad92531f55035b01fb230769a40e02efa3"
    integrity sha1-jymBrZJTH1UDWwH7IwdppA4C76M=
    dependencies:
      kind-of "^6.0.2"
  
  shebang-command@^2.0.0:
    version "2.0.0"
    resolved "https://registry.nlark.com/shebang-command/download/shebang-command-2.0.0.tgz#ccd0af4f8835fbdc265b82461aaf0c36663f34ea"
    integrity sha1-zNCvT4g1+9wmW4JGGq8MNmY/NOo=
    dependencies:
      shebang-regex "^3.0.0"
  
  shebang-regex@^3.0.0:
    version "3.0.0"
    resolved "https://registry.nlark.com/shebang-regex/download/shebang-regex-3.0.0.tgz?cache=0&sync_timestamp=1628896660639&other_urls=https%3A%2F%2Fregistry.nlark.com%2Fshebang-regex%2Fdownload%2Fshebang-regex-3.0.0.tgz#ae16f1644d873ecad843b0307b143362d4c42172"
    integrity sha1-rhbxZE2HPsrYQ7AwexQzYtTEIXI=
  
  signal-exit@^3.0.3:
    version "3.0.4"
    resolved "https://registry.nlark.com/signal-exit/download/signal-exit-3.0.4.tgz#366a4684d175b9cab2081e3681fda3747b6c51d7"
    integrity sha1-NmpGhNF1ucqyCB42gf2jdHtsUdc=
  
  source-map-js@^0.6.2:
    version "0.6.2"
    resolved "https://registry.nlark.com/source-map-js/download/source-map-js-0.6.2.tgz#0bb5de631b41cfbda6cfba8bd05a80efdfd2385e"
    integrity sha1-C7XeYxtBz72mz7qL0FqA79/SOF4=
  
  source-map-support@~0.5.20:
    version "0.5.20"
    resolved "https://registry.nlark.com/source-map-support/download/source-map-support-0.5.20.tgz?cache=0&sync_timestamp=1631179577133&other_urls=https%3A%2F%2Fregistry.nlark.com%2Fsource-map-support%2Fdownload%2Fsource-map-support-0.5.20.tgz#12166089f8f5e5e8c56926b377633392dd2cb6c9"
    integrity sha1-EhZgifj15ejFaSazd2Mzkt0stsk=
    dependencies:
      buffer-from "^1.0.0"
      source-map "^0.6.0"
  
  source-map@^0.6.0, source-map@^0.6.1, source-map@~0.6.1:
    version "0.6.1"
    resolved "https://registry.nlark.com/source-map/download/source-map-0.6.1.tgz?cache=0&sync_timestamp=1624608014898&other_urls=https%3A%2F%2Fregistry.nlark.com%2Fsource-map%2Fdownload%2Fsource-map-0.6.1.tgz#74722af32e9614e9c287a8d0bbde48b5e2f1a263"
    integrity sha1-dHIq8y6WFOnCh6jQu95IteLxomM=
  
  source-map@~0.7.2:
    version "0.7.3"
    resolved "https://registry.nlark.com/source-map/download/source-map-0.7.3.tgz?cache=0&sync_timestamp=1624608014898&other_urls=https%3A%2F%2Fregistry.nlark.com%2Fsource-map%2Fdownload%2Fsource-map-0.7.3.tgz#5302f8169031735226544092e64981f751750383"
    integrity sha1-UwL4FpAxc1ImVECS5kmB91F1A4M=
  
  strip-final-newline@^2.0.0:
    version "2.0.0"
    resolved "https://registry.nlark.com/strip-final-newline/download/strip-final-newline-2.0.0.tgz#89b852fb2fcbe936f6f4b3187afb0a12c1ab58ad"
    integrity sha1-ibhS+y/L6Tb29LMYevsKEsGrWK0=
  
  style-loader@^3.3.0:
    version "3.3.0"
    resolved "https://registry.nlark.com/style-loader/download/style-loader-3.3.0.tgz?cache=0&sync_timestamp=1632246712811&other_urls=https%3A%2F%2Fregistry.nlark.com%2Fstyle-loader%2Fdownload%2Fstyle-loader-3.3.0.tgz#d66ea95fc50b22f8b79b69a9e414760fcf58d8d8"
    integrity sha1-1m6pX8ULIvi3m2mp5BR2D89Y2Ng=
  
  supports-color@^5.3.0:
    version "5.5.0"
    resolved "https://registry.nlark.com/supports-color/download/supports-color-5.5.0.tgz?cache=0&sync_timestamp=1626703455199&other_urls=https%3A%2F%2Fregistry.nlark.com%2Fsupports-color%2Fdownload%2Fsupports-color-5.5.0.tgz#e2e69a44ac8772f78a1ec0b35b689df6530efc8f"
    integrity sha1-4uaaRKyHcveKHsCzW2id9lMO/I8=
    dependencies:
      has-flag "^3.0.0"
  
  supports-color@^6.1.0:
    version "6.1.0"
    resolved "https://registry.nlark.com/supports-color/download/supports-color-6.1.0.tgz?cache=0&sync_timestamp=1626703455199&other_urls=https%3A%2F%2Fregistry.nlark.com%2Fsupports-color%2Fdownload%2Fsupports-color-6.1.0.tgz#0764abc69c63d5ac842dd4867e8d025e880df8f3"
    integrity sha1-B2Srxpxj1ayELdSGfo0CXogN+PM=
    dependencies:
      has-flag "^3.0.0"
  
  supports-color@^8.0.0:
    version "8.1.1"
    resolved "https://registry.nlark.com/supports-color/download/supports-color-8.1.1.tgz?cache=0&sync_timestamp=1626703455199&other_urls=https%3A%2F%2Fregistry.nlark.com%2Fsupports-color%2Fdownload%2Fsupports-color-8.1.1.tgz#cd6fc17e28500cff56c1b86c0a7fd4a54a73005c"
    integrity sha1-zW/BfihQDP9WwbhsCn/UpUpzAFw=
    dependencies:
      has-flag "^4.0.0"
  
  tapable@^2.1.1, tapable@^2.2.0:
    version "2.2.1"
    resolved "https://registry.nlark.com/tapable/download/tapable-2.2.1.tgz?cache=0&sync_timestamp=1631526972264&other_urls=https%3A%2F%2Fregistry.nlark.com%2Ftapable%2Fdownload%2Ftapable-2.2.1.tgz#1967a73ef4060a82f12ab96af86d52fdb76eeca0"
    integrity sha1-GWenPvQGCoLxKrlq+G1S/bdu7KA=
  
  terser-webpack-plugin@^5.1.3:
    version "5.2.4"
    resolved "https://registry.nlark.com/terser-webpack-plugin/download/terser-webpack-plugin-5.2.4.tgz?cache=0&sync_timestamp=1631202287446&other_urls=https%3A%2F%2Fregistry.nlark.com%2Fterser-webpack-plugin%2Fdownload%2Fterser-webpack-plugin-5.2.4.tgz#ad1be7639b1cbe3ea49fab995cbe7224b31747a1"
    integrity sha1-rRvnY5scvj6kn6uZXL5yJLMXR6E=
    dependencies:
      jest-worker "^27.0.6"
      p-limit "^3.1.0"
      schema-utils "^3.1.1"
      serialize-javascript "^6.0.0"
      source-map "^0.6.1"
      terser "^5.7.2"
  
  terser@^5.7.2:
    version "5.9.0"
    resolved "https://registry.nlark.com/terser/download/terser-5.9.0.tgz#47d6e629a522963240f2b55fcaa3c99083d2c351"
    integrity sha1-R9bmKaUiljJA8rVfyqPJkIPSw1E=
    dependencies:
      commander "^2.20.0"
      source-map "~0.7.2"
      source-map-support "~0.5.20"
  
  uri-js@^4.2.2:
    version "4.4.1"
    resolved "https://registry.nlark.com/uri-js/download/uri-js-4.4.1.tgz#9b1a52595225859e55f669d928f88c6c57f2a77e"
    integrity sha1-mxpSWVIlhZ5V9mnZKPiMbFfyp34=
    dependencies:
      punycode "^2.1.0"
  
  url-loader@^4.1.1:
    version "4.1.1"
    resolved "https://registry.nlark.com/url-loader/download/url-loader-4.1.1.tgz?cache=0&sync_timestamp=1624607984698&other_urls=https%3A%2F%2Fregistry.nlark.com%2Furl-loader%2Fdownload%2Furl-loader-4.1.1.tgz#28505e905cae158cf07c92ca622d7f237e70a4e2"
    integrity sha1-KFBekFyuFYzwfJLKYi1/I35wpOI=
    dependencies:
      loader-utils "^2.0.0"
      mime-types "^2.1.27"
      schema-utils "^3.0.0"
  
  util-deprecate@^1.0.2:
    version "1.0.2"
    resolved "https://registry.nlark.com/util-deprecate/download/util-deprecate-1.0.2.tgz?cache=0&sync_timestamp=1624607944834&other_urls=https%3A%2F%2Fregistry.nlark.com%2Futil-deprecate%2Fdownload%2Futil-deprecate-1.0.2.tgz#450d4dc9fa70de732762fbd2d4a28981419a0ccf"
    integrity sha1-RQ1Nyfpw3nMnYvvS1KKJgUGaDM8=
  
  v8-compile-cache@^2.2.0:
    version "2.3.0"
    resolved "https://registry.nlark.com/v8-compile-cache/download/v8-compile-cache-2.3.0.tgz#2de19618c66dc247dcfb6f99338035d8245a2cee"
    integrity sha1-LeGWGMZtwkfc+2+ZM4A12CRaLO4=
  
  vue-hot-reload-api@^2.3.0:
    version "2.3.4"
    resolved "https://registry.nlark.com/vue-hot-reload-api/download/vue-hot-reload-api-2.3.4.tgz#532955cc1eb208a3d990b3a9f9a70574657e08f2"
    integrity sha1-UylVzB6yCKPZkLOp+acFdGV+CPI=
  
  vue-loader@^15.9.8:
    version "15.9.8"
    resolved "https://registry.npmmirror.com/vue-loader/download/vue-loader-15.9.8.tgz?cache=0&sync_timestamp=1632349313622&other_urls=https%3A%2F%2Fregistry.npmmirror.com%2Fvue-loader%2Fdownload%2Fvue-loader-15.9.8.tgz#4b0f602afaf66a996be1e534fb9609dc4ab10e61"
    integrity sha1-Sw9gKvr2aplr4eU0+5YJ3EqxDmE=
    dependencies:
      "@vue/component-compiler-utils" "^3.1.0"
      hash-sum "^1.0.2"
      loader-utils "^1.1.0"
      vue-hot-reload-api "^2.3.0"
      vue-style-loader "^4.1.0"
  
  vue-style-loader@^4.1.0:
    version "4.1.3"
    resolved "https://registry.nlark.com/vue-style-loader/download/vue-style-loader-4.1.3.tgz#6d55863a51fa757ab24e89d9371465072aa7bc35"
    integrity sha1-bVWGOlH6dXqyTonZNxRlByqnvDU=
    dependencies:
      hash-sum "^1.0.2"
      loader-utils "^1.0.2"
  
  vue-template-compiler@^2.6.14:
    version "2.6.14"
    resolved "https://registry.nlark.com/vue-template-compiler/download/vue-template-compiler-2.6.14.tgz#a2f0e7d985670d42c9c9ee0d044fed7690f4f763"
    integrity sha1-ovDn2YVnDULJye4NBE/tdpD092M=
    dependencies:
      de-indent "^1.0.2"
      he "^1.1.0"
  
  vue-template-es2015-compiler@^1.9.0:
    version "1.9.1"
    resolved "https://registry.nlark.com/vue-template-es2015-compiler/download/vue-template-es2015-compiler-1.9.1.tgz#1ee3bc9a16ecbf5118be334bb15f9c46f82f5825"
    integrity sha1-HuO8mhbsv1EYvjNLsV+cRvgvWCU=
  
  vue@^2.6.14:
    version "2.6.14"
    resolved "https://registry.npmmirror.com/vue/download/vue-2.6.14.tgz#e51aa5250250d569a3fbad3a8a5a687d6036e235"
    integrity sha1-5RqlJQJQ1Wmj+606ilpofWA24jU=
  
  watchpack@^2.2.0:
    version "2.2.0"
    resolved "https://registry.nlark.com/watchpack/download/watchpack-2.2.0.tgz#47d78f5415fe550ecd740f99fe2882323a58b1ce"
    integrity sha1-R9ePVBX+VQ7NdA+Z/iiCMjpYsc4=
    dependencies:
      glob-to-regexp "^0.4.1"
      graceful-fs "^4.1.2"
  
  webpack-cli@^4.8.0:
    version "4.8.0"
    resolved "https://registry.nlark.com/webpack-cli/download/webpack-cli-4.8.0.tgz#5fc3c8b9401d3c8a43e2afceacfa8261962338d1"
    integrity sha1-X8PIuUAdPIpD4q/OrPqCYZYjONE=
    dependencies:
      "@discoveryjs/json-ext" "^0.5.0"
      "@webpack-cli/configtest" "^1.0.4"
      "@webpack-cli/info" "^1.3.0"
      "@webpack-cli/serve" "^1.5.2"
      colorette "^1.2.1"
      commander "^7.0.0"
      execa "^5.0.0"
      fastest-levenshtein "^1.0.12"
      import-local "^3.0.2"
      interpret "^2.2.0"
      rechoir "^0.7.0"
      v8-compile-cache "^2.2.0"
      webpack-merge "^5.7.3"
  
  webpack-merge@^5.7.3:
    version "5.8.0"
    resolved "https://registry.nlark.com/webpack-merge/download/webpack-merge-5.8.0.tgz?cache=0&sync_timestamp=1624607912484&other_urls=https%3A%2F%2Fregistry.nlark.com%2Fwebpack-merge%2Fdownload%2Fwebpack-merge-5.8.0.tgz#2b39dbf22af87776ad744c390223731d30a68f61"
    integrity sha1-Kznb8ir4d3atdEw5AiNzHTCmj2E=
    dependencies:
      clone-deep "^4.0.1"
      wildcard "^2.0.0"
  
  webpack-sources@^3.2.0:
    version "3.2.1"
    resolved "https://registry.nlark.com/webpack-sources/download/webpack-sources-3.2.1.tgz#251a7d9720d75ada1469ca07dbb62f3641a05b6d"
    integrity sha1-JRp9lyDXWtoUacoH27YvNkGgW20=
  
  webpack@^5.53.0:
    version "5.53.0"
    resolved "https://registry.nlark.com/webpack/download/webpack-5.53.0.tgz?cache=0&sync_timestamp=1631803313218&other_urls=https%3A%2F%2Fregistry.nlark.com%2Fwebpack%2Fdownload%2Fwebpack-5.53.0.tgz#f463cd9c6fc1356ae4b9b7ac911fd1f5b2df86af"
    integrity sha1-9GPNnG/BNWrkubeskR/R9bLfhq8=
    dependencies:
      "@types/eslint-scope" "^3.7.0"
      "@types/estree" "^0.0.50"
      "@webassemblyjs/ast" "1.11.1"
      "@webassemblyjs/wasm-edit" "1.11.1"
      "@webassemblyjs/wasm-parser" "1.11.1"
      acorn "^8.4.1"
      acorn-import-assertions "^1.7.6"
      browserslist "^4.14.5"
      chrome-trace-event "^1.0.2"
      enhanced-resolve "^5.8.0"
      es-module-lexer "^0.7.1"
      eslint-scope "5.1.1"
      events "^3.2.0"
      glob-to-regexp "^0.4.1"
      graceful-fs "^4.2.4"
      json-parse-better-errors "^1.0.2"
      loader-runner "^4.2.0"
      mime-types "^2.1.27"
      neo-async "^2.6.2"
      schema-utils "^3.1.0"
      tapable "^2.1.1"
      terser-webpack-plugin "^5.1.3"
      watchpack "^2.2.0"
      webpack-sources "^3.2.0"
  
  which@^2.0.1:
    version "2.0.2"
    resolved "https://registry.nlark.com/which/download/which-2.0.2.tgz#7c6a8dd0a636a0327e10b59c9286eee93f3f51b1"
    integrity sha1-fGqN0KY2oDJ+ELWckobu6T8/UbE=
    dependencies:
      isexe "^2.0.0"
  
  wildcard@^2.0.0:
    version "2.0.0"
    resolved "https://registry.nlark.com/wildcard/download/wildcard-2.0.0.tgz#a77d20e5200c6faaac979e4b3aadc7b3dd7f8fec"
    integrity sha1-p30g5SAMb6qsl55LOq3Hs91/j+w=
  
  yallist@^2.1.2:
    version "2.1.2"
    resolved "https://registry.nlark.com/yallist/download/yallist-2.1.2.tgz?cache=0&sync_timestamp=1624607893982&other_urls=https%3A%2F%2Fregistry.nlark.com%2Fyallist%2Fdownload%2Fyallist-2.1.2.tgz#1c11f9218f076089a47dd512f93c6699a6a81d52"
    integrity sha1-HBH5IY8HYImkfdUS+TxmmaaoHVI=
  
  yallist@^4.0.0:
    version "4.0.0"
    resolved "https://registry.nlark.com/yallist/download/yallist-4.0.0.tgz?cache=0&sync_timestamp=1624607893982&other_urls=https%3A%2F%2Fregistry.nlark.com%2Fyallist%2Fdownload%2Fyallist-4.0.0.tgz#9bb92790d9c0effec63be73519e11a35019a3a72"
    integrity sha1-m7knkNnA7/7GO+c1GeEaNQGaOnI=
  
  yocto-queue@^0.1.0:
    version "0.1.0"
    resolved "https://registry.nlark.com/yocto-queue/download/yocto-queue-0.1.0.tgz?cache=0&sync_timestamp=1628812679256&other_urls=https%3A%2F%2Fregistry.nlark.com%2Fyocto-queue%2Fdownload%2Fyocto-queue-0.1.0.tgz#0294eb3dee05028d31ee1a5fa2c556a6aaf10a1b"
    integrity sha1-ApTrPe4FAo0x7hpfosVWpqrxChs=
